Using pre-set license
Built from '2020.3/staging' branch; Version is '2020.3.33f1 (915a7af8b0d5) revision 9525882'; Using compiler version '192528614'; Build Type 'Release'
OS: 'Windows 11  (10.0.22631) 64bit Core' Language: 'en' Physical Memory: 16177 MB
BatchMode: 1, IsHumanControllingUs: 0, StartBugReporterOnCrash: 0, Is64bit: 1, IsPro: 0

COMMAND LINE ARGUMENTS:
C:\Program Files\Unity\Hub\Editor\2020.3.33f1\Editor\Unity.exe
-adb2
-batchMode
-noUpm
-name
AssetImportWorker0
-projectPath
C:/Users/tarza/Desktop/Github Files/GAW22/Week11
-logFile
Logs/AssetImportWorker0.log
-srvPort
59982
Successfully changed project path to: C:/Users/tarza/Desktop/Github Files/GAW22/Week11
C:/Users/tarza/Desktop/Github Files/GAW22/Week11
Using Asset Import Pipeline V2.
Refreshing native plugins compatible for Editor in 97.39 ms, found 2 plugins.
Preloading 0 native plugins for Editor in 0.00 ms.
Initialize engine version: 2020.3.33f1 (915a7af8b0d5)
[Subsystems] Discovering subsystems at path C:/Program Files/Unity/Hub/Editor/2020.3.33f1/Editor/Data/Resources/UnitySubsystems
[Subsystems] Discovering subsystems at path C:/Users/tarza/Desktop/Github Files/GAW22/Week11/Assets
GfxDevice: creating device client; threaded=0
Direct3D:
    Version:  Direct3D 11.0 [level 11.1]
    Renderer: NVIDIA GeForce GTX 1650 Ti (ID=0x1f95)
    Vendor:   
    VRAM:     3949 MB
    Driver:   31.0.15.3734
Initialize mono
Mono path[0] = 'C:/Program Files/Unity/Hub/Editor/2020.3.33f1/Editor/Data/Managed'
Mono path[1] = 'C:/Program Files/Unity/Hub/Editor/2020.3.33f1/Editor/Data/MonoBleedingEdge/lib/mono/unityjit'
Mono config path = 'C:/Program Files/Unity/Hub/Editor/2020.3.33f1/Editor/Data/MonoBleedingEdge/etc'
Using monoOptions --debugger-agent=transport=dt_socket,embedding=1,server=y,suspend=n,address=127.0.0.1:56856
Begin MonoManager ReloadAssembly
Registering precompiled unity dll's ...
Register platform support module: C:/Program Files/Unity/Hub/Editor/2020.3.33f1/Editor/Data/PlaybackEngines/WebGLSupport/UnityEditor.WebGL.Extensions.dll
Register platform support module: C:/Program Files/Unity/Hub/Editor/2020.3.33f1/Editor/Data/PlaybackEngines/MacStandaloneSupport/UnityEditor.OSXStandalone.Extensions.dll
Register platform support module: C:/Program Files/Unity/Hub/Editor/2020.3.33f1/Editor/Data/PlaybackEngines/WindowsStandaloneSupport/UnityEditor.WindowsStandalone.Extensions.dll
Registered in 0.005927 seconds.
Native extension for WindowsStandalone target not found
Native extension for OSXStandalone target not found
Native extension for WebGL target not found
Refreshing native plugins compatible for Editor in 78.67 ms, found 2 plugins.
Preloading 0 native plugins for Editor in 0.00 ms.
Mono: successfully reloaded assembly
- Completed reload, in  1.012 seconds
Domain Reload Profiling:
	ReloadAssembly (1012ms)
		BeginReloadAssembly (82ms)
			ExecutionOrderSort (0ms)
			DisableScriptedObjects (0ms)
			BackupInstance (0ms)
			ReleaseScriptingObjects (0ms)
			CreateAndSetChildDomain (1ms)
		EndReloadAssembly (803ms)
			LoadAssemblies (81ms)
			RebuildTransferFunctionScriptingTraits (0ms)
			SetupTypeCache (325ms)
			ReleaseScriptCaches (0ms)
			RebuildScriptCaches (32ms)
			SetupLoadedEditorAssemblies (282ms)
				LogAssemblyErrors (0ms)
				InitializePlatformSupportModulesInManaged (7ms)
				SetLoadedEditorAssemblies (0ms)
				RefreshPlugins (79ms)
				BeforeProcessingInitializeOnLoad (22ms)
				ProcessInitializeOnLoadAttributes (134ms)
				ProcessInitializeOnLoadMethodAttributes (39ms)
				AfterProcessingInitializeOnLoad (0ms)
				EditorAssembliesLoaded (0ms)
			ExecutionOrderSort2 (0ms)
			AwakeInstancesAfterBackupRestoration (0ms)
Platform modules already initialized, skipping
Registering precompiled user dll's ...
Registered in 0.004916 seconds.
Begin MonoManager ReloadAssembly
Symbol file LoadedFromMemory doesn't match image C:\Users\tarza\Desktop\Github Files\GAW22\Week11\Library\PackageCache\com.unity.collab-proxy@1.15.15\Lib\Editor\PlasticSCM\unityplastic.dll
Native extension for WindowsStandalone target not found
Native extension for OSXStandalone target not found
Native extension for WebGL target not found
Refreshing native plugins compatible for Editor in 70.02 ms, found 2 plugins.
Preloading 0 native plugins for Editor in 0.00 ms.
Mono: successfully reloaded assembly
- Completed reload, in  1.408 seconds
Domain Reload Profiling:
	ReloadAssembly (1409ms)
		BeginReloadAssembly (150ms)
			ExecutionOrderSort (0ms)
			DisableScriptedObjects (5ms)
			BackupInstance (0ms)
			ReleaseScriptingObjects (0ms)
			CreateAndSetChildDomain (18ms)
		EndReloadAssembly (1195ms)
			LoadAssemblies (111ms)
			RebuildTransferFunctionScriptingTraits (0ms)
			SetupTypeCache (326ms)
			ReleaseScriptCaches (1ms)
			RebuildScriptCaches (78ms)
			SetupLoadedEditorAssemblies (448ms)
				LogAssemblyErrors (0ms)
				InitializePlatformSupportModulesInManaged (5ms)
				SetLoadedEditorAssemblies (0ms)
				RefreshPlugins (70ms)
				BeforeProcessingInitializeOnLoad (113ms)
				ProcessInitializeOnLoadAttributes (240ms)
				ProcessInitializeOnLoadMethodAttributes (9ms)
				AfterProcessingInitializeOnLoad (10ms)
				EditorAssembliesLoaded (0ms)
			ExecutionOrderSort2 (0ms)
			AwakeInstancesAfterBackupRestoration (7ms)
Platform modules already initialized, skipping
========================================================================
Worker process is ready to serve import requests
Launched and connected shader compiler UnityShaderCompiler.exe after 0.10 seconds
Refreshing native plugins compatible for Editor in 1.49 ms, found 2 plugins.
Preloading 0 native plugins for Editor in 0.00 ms.
Unloading 2897 Unused Serialized files (Serialized files now loaded: 0)
System memory in use before: 134.2 MB.
System memory in use after: 134.4 MB.

Unloading 17 unused Assets to reduce memory usage. Loaded Objects now: 3333.
Total: 18.477200 ms (FindLiveObjects: 0.591900 ms CreateObjectMapping: 4.392300 ms MarkObjects: 13.124500 ms  DeleteObjects: 0.364700 ms)

AssetImportParameters requested are different than current active one (requested -> active):
  custom:framework-win-MediaFoundation: 216162199b28c13a410421893ffa2e32 -> 
  custom:video-decoder-ogg-theora: a1e56fd34408186e4bbccfd4996cb3dc -> 
  custom:container-muxer-webm: aa71ff27fc2769a1b78a27578f13a17b -> 
  custom:container-demuxer-webm: 4f35f7cbe854078d1ac9338744f61a02 -> 
  custom:container-demuxer-ogg: 62fdf1f143b41e24485cea50d1cbac27 -> 
  custom:video-encoder-webm-vp8: eb34c28f22e8b96e1ab97ce403110664 -> 
  custom:video-codec-MediaFoundation-h265: 746d11721c4dcdbdad8f713fa42b33f4 -> 
  custom:video-decoder-webm-vp8: 9c59270c3fd7afecdb556c50c9e8de78 -> 
  custom:audio-decoder-ogg-vorbis: bf7c407c2cedff20999df2af8eb42d56 -> 
  custom:audio-encoder-webm-vorbis: bf7c407c2cedff20999df2af8eb42d56 -> 
========================================================================
Received Import Request.
  path: Assets/Readme.asset
  artifactKey: Guid(83c2ed844a8c74b779a4c823d16594b1) Importer(815301076,1909f56bfc062723c751e8b465ee728b)
Start importing Assets/Readme.asset using Guid(83c2ed844a8c74b779a4c823d16594b1) Importer(815301076,1909f56bfc062723c751e8b465ee728b)  -> (artifact id: '8ffd2c44ffeb50c574abb5d0c4453328') in 0.067090 seconds 
========================================================================
Received Prepare
Registering precompiled user dll's ...
Registered in 0.004454 seconds.
Begin MonoManager ReloadAssembly
Symbol file LoadedFromMemory doesn't match image C:\Users\tarza\Desktop\Github Files\GAW22\Week11\Library\PackageCache\com.unity.collab-proxy@1.15.15\Lib\Editor\PlasticSCM\unityplastic.dll
Native extension for WindowsStandalone target not found
Native extension for OSXStandalone target not found
Native extension for WebGL target not found
Refreshing native plugins compatible for Editor in 1.33 ms, found 2 plugins.
Preloading 0 native plugins for Editor in 0.00 ms.
Mono: successfully reloaded assembly
- Completed reload, in  1.174 seconds
Domain Reload Profiling:
	ReloadAssembly (1175ms)
		BeginReloadAssembly (134ms)
			ExecutionOrderSort (0ms)
			DisableScriptedObjects (15ms)
			BackupInstance (0ms)
			ReleaseScriptingObjects (0ms)
			CreateAndSetChildDomain (37ms)
		EndReloadAssembly (974ms)
			LoadAssemblies (106ms)
			RebuildTransferFunctionScriptingTraits (0ms)
			SetupTypeCache (352ms)
			ReleaseScriptCaches (1ms)
			RebuildScriptCaches (42ms)
			SetupLoadedEditorAssemblies (338ms)
				LogAssemblyErrors (0ms)
				InitializePlatformSupportModulesInManaged (13ms)
				SetLoadedEditorAssemblies (1ms)
				RefreshPlugins (1ms)
				BeforeProcessingInitializeOnLoad (102ms)
				ProcessInitializeOnLoadAttributes (203ms)
				ProcessInitializeOnLoadMethodAttributes (9ms)
				AfterProcessingInitializeOnLoad (8ms)
				EditorAssembliesLoaded (0ms)
			ExecutionOrderSort2 (0ms)
			AwakeInstancesAfterBackupRestoration (11ms)
Platform modules already initialized, skipping
Refreshing native plugins compatible for Editor in 0.62 ms, found 2 plugins.
Preloading 0 native plugins for Editor in 0.00 ms.
Unloading 2748 Unused Serialized files (Serialized files now loaded: 0)
System memory in use before: 123.1 MB.
System memory in use after: 123.3 MB.

Unloading 12 unused Assets to reduce memory usage. Loaded Objects now: 3336.
Total: 3.646000 ms (FindLiveObjects: 0.257600 ms CreateObjectMapping: 0.142900 ms MarkObjects: 3.203000 ms  DeleteObjects: 0.041500 ms)

AssetImportParameters requested are different than current active one (requested -> active):
  custom:framework-win-MediaFoundation: 216162199b28c13a410421893ffa2e32 -> 
  custom:video-decoder-ogg-theora: a1e56fd34408186e4bbccfd4996cb3dc -> 
  custom:container-muxer-webm: aa71ff27fc2769a1b78a27578f13a17b -> 
  custom:container-demuxer-webm: 4f35f7cbe854078d1ac9338744f61a02 -> 
  custom:container-demuxer-ogg: 62fdf1f143b41e24485cea50d1cbac27 -> 
  custom:video-encoder-webm-vp8: eb34c28f22e8b96e1ab97ce403110664 -> 
  custom:video-codec-MediaFoundation-h265: 746d11721c4dcdbdad8f713fa42b33f4 -> 
  custom:video-decoder-webm-vp8: 9c59270c3fd7afecdb556c50c9e8de78 -> 
  custom:audio-decoder-ogg-vorbis: bf7c407c2cedff20999df2af8eb42d56 -> 
  custom:audio-encoder-webm-vorbis: bf7c407c2cedff20999df2af8eb42d56 -> 
========================================================================
Received Import Request.
  Time since last request: 759.821468 seconds.
  path: Assets/Scenes
  artifactKey: Guid(efd1070814a130c4980c8074b7959666) Importer(815301076,1909f56bfc062723c751e8b465ee728b)
Start importing Assets/Scenes using Guid(efd1070814a130c4980c8074b7959666) Importer(815301076,1909f56bfc062723c751e8b465ee728b)  -> (artifact id: '072f3e2bf2a49e0a461e650bcd377246') in 0.012688 seconds 
========================================================================
Received Import Request.
  Time since last request: 0.027528 seconds.
  path: Assets/Scenes/Skybox_Mat.mat
  artifactKey: Guid(0ffaa0b7117ba8c47a9d05ae701d4b4d) Importer(815301076,1909f56bfc062723c751e8b465ee728b)
Start importing Assets/Scenes/Skybox_Mat.mat using Guid(0ffaa0b7117ba8c47a9d05ae701d4b4d) Importer(815301076,1909f56bfc062723c751e8b465ee728b)  -> (artifact id: '4d54ab3375f41efad00566dcae11def2') in 0.345990 seconds 
========================================================================
Received Import Request.
  Time since last request: 45.761258 seconds.
  path: Assets/Scenes/W1
  artifactKey: Guid(0bd15f18d74b47d47b8b61f2dffddc1d) Importer(815301076,1909f56bfc062723c751e8b465ee728b)
Start importing Assets/Scenes/W1 using Guid(0bd15f18d74b47d47b8b61f2dffddc1d) Importer(815301076,1909f56bfc062723c751e8b465ee728b)  -> (artifact id: '7847f45cd85ae57bcc29d020c7d2f377') in 0.010767 seconds 
========================================================================
Received Import Request.
  Time since last request: 1.853259 seconds.
  path: Assets/Scenes/Boarding.unity
  artifactKey: Guid(3a1879362dce83d4f8a5e12cd55e9d9a) Importer(815301076,1909f56bfc062723c751e8b465ee728b)
Start importing Assets/Scenes/Boarding.unity using Guid(3a1879362dce83d4f8a5e12cd55e9d9a) Importer(815301076,1909f56bfc062723c751e8b465ee728b)  -> (artifact id: '3bdb9d110ddc3a10339ca9e50d0859c5') in 0.007449 seconds 
========================================================================
Received Import Request.
  Time since last request: 0.625852 seconds.
  path: Assets/Scenes/CockPit.unity
  artifactKey: Guid(8bf66e45b25664c47aaba1ed4e807732) Importer(815301076,1909f56bfc062723c751e8b465ee728b)
Start importing Assets/Scenes/CockPit.unity using Guid(8bf66e45b25664c47aaba1ed4e807732) Importer(815301076,1909f56bfc062723c751e8b465ee728b)  -> (artifact id: '6125fcd89c071e8cfea59b7b0b211bba') in 0.008156 seconds 
========================================================================
Received Import Request.
  Time since last request: 11.360070 seconds.
  path: Assets/Scenes/MainGamew5.unity
  artifactKey: Guid(acdf6d1ff4150664fa008bfa8d82065b) Importer(815301076,1909f56bfc062723c751e8b465ee728b)
Start importing Assets/Scenes/MainGamew5.unity using Guid(acdf6d1ff4150664fa008bfa8d82065b) Importer(815301076,1909f56bfc062723c751e8b465ee728b)  -> (artifact id: 'c4ab5a11af20685cbacb0626436acc91') in 0.009410 seconds 
========================================================================
Received Import Request.
  Time since last request: 0.573870 seconds.
  path: Assets/Scenes/MainGamew9.unity
  artifactKey: Guid(3ca7597ed247e7049bc6e61bd73d2f0f) Importer(815301076,1909f56bfc062723c751e8b465ee728b)
Start importing Assets/Scenes/MainGamew9.unity using Guid(3ca7597ed247e7049bc6e61bd73d2f0f) Importer(815301076,1909f56bfc062723c751e8b465ee728b)  -> (artifact id: '09c022765a173273206dd552eddbdb4e') in 0.008888 seconds 
========================================================================
Received Import Request.
  Time since last request: 2.658000 seconds.
  path: Assets/Scenes/StartUp.unity
  artifactKey: Guid(d1c3109bdb54ad54c8a2b2838528e640) Importer(815301076,1909f56bfc062723c751e8b465ee728b)
Start importing Assets/Scenes/StartUp.unity using Guid(d1c3109bdb54ad54c8a2b2838528e640) Importer(815301076,1909f56bfc062723c751e8b465ee728b)  -> (artifact id: '0894b557b9f314f854854a61a296e3b4') in 0.008882 seconds 
========================================================================
Received Import Request.
  Time since last request: 3.643519 seconds.
  path: Assets/Scenes/Supermarket.unity
  artifactKey: Guid(5466918b416213e47bac5b09f1530770) Importer(815301076,1909f56bfc062723c751e8b465ee728b)
Start importing Assets/Scenes/Supermarket.unity using Guid(5466918b416213e47bac5b09f1530770) Importer(815301076,1909f56bfc062723c751e8b465ee728b)  -> (artifact id: '7766bf76d999009f0b0b8f916c2bbf70') in 0.009588 seconds 
========================================================================
Received Import Request.
  Time since last request: 2.548395 seconds.
  path: Assets/Scenes/Home1.unity
  artifactKey: Guid(4ae13a716804c3b4e9d0594f16bb942e) Importer(815301076,1909f56bfc062723c751e8b465ee728b)
Start importing Assets/Scenes/Home1.unity using Guid(4ae13a716804c3b4e9d0594f16bb942e) Importer(815301076,1909f56bfc062723c751e8b465ee728b)  -> (artifact id: 'be4960a4f5a49f9caf90b4935174ddd6') in 0.009017 seconds 
========================================================================
Received Import Request.
  Time since last request: 1.735712 seconds.
  path: Assets/Scenes/FinalEnding.unity
  artifactKey: Guid(99a571701ac1c0941ab83c4a0d2e5ba3) Importer(815301076,1909f56bfc062723c751e8b465ee728b)
Start importing Assets/Scenes/FinalEnding.unity using Guid(99a571701ac1c0941ab83c4a0d2e5ba3) Importer(815301076,1909f56bfc062723c751e8b465ee728b)  -> (artifact id: '975744a8cf98476603f84b8bba061db1') in 0.010890 seconds 
========================================================================
Received Import Request.
  Time since last request: 0.965236 seconds.
  path: Assets/Scenes/Ending.unity
  artifactKey: Guid(4cc49d4d412086349b6db34c098b226f) Importer(815301076,1909f56bfc062723c751e8b465ee728b)
Start importing Assets/Scenes/Ending.unity using Guid(4cc49d4d412086349b6db34c098b226f) Importer(815301076,1909f56bfc062723c751e8b465ee728b)  -> (artifact id: 'ea3f7bfce02c4b0a9cc155b51d47de92') in 0.008470 seconds 
========================================================================
Received Import Request.
  Time since last request: 5.231908 seconds.
  path: Assets/Scenes/W9
  artifactKey: Guid(da6f74e200e634a4faeec7508d37148f) Importer(815301076,1909f56bfc062723c751e8b465ee728b)
Start importing Assets/Scenes/W9 using Guid(da6f74e200e634a4faeec7508d37148f) Importer(815301076,1909f56bfc062723c751e8b465ee728b)  -> (artifact id: '8362ccfa8e1211156a5732e59ee24d5c') in 0.014148 seconds 
========================================================================
Received Import Request.
  Time since last request: 21.122999 seconds.
  path: Assets/Scenes/W5
  artifactKey: Guid(705a8f4199552854abc1a5fe7ecd665b) Importer(815301076,1909f56bfc062723c751e8b465ee728b)
Start importing Assets/Scenes/W5 using Guid(705a8f4199552854abc1a5fe7ecd665b) Importer(815301076,1909f56bfc062723c751e8b465ee728b)  -> (artifact id: 'cc3c97625996607a80749694764447f0') in 0.008268 seconds 
========================================================================
Received Import Request.
  Time since last request: 111.263850 seconds.
  path: Assets/Scenes/SampleSceneLightingSettings.lighting
  artifactKey: Guid(477cc4148fad3449482a3bc3178594e2) Importer(815301076,1909f56bfc062723c751e8b465ee728b)
Start importing Assets/Scenes/SampleSceneLightingSettings.lighting using Guid(477cc4148fad3449482a3bc3178594e2) Importer(815301076,1909f56bfc062723c751e8b465ee728b)  -> (artifact id: '9eb69daedc436cd0790708397846326f') in 0.014923 seconds 
========================================================================
Received Import Request.
  Time since last request: 178.791055 seconds.
  path: Assets/Scripts
  artifactKey: Guid(02a3527b6b33a924e8ec66aa805ea717) Importer(815301076,1909f56bfc062723c751e8b465ee728b)
Start importing Assets/Scripts using Guid(02a3527b6b33a924e8ec66aa805ea717) Importer(815301076,1909f56bfc062723c751e8b465ee728b)  -> (artifact id: 'f0a913a0049096cde5d6a727232f232f') in 0.008415 seconds 
========================================================================
Received Import Request.
  Time since last request: 1.264425 seconds.
  path: Assets/Scripts/SimpleCameraController.cs
  artifactKey: Guid(be76e5f14cfee674cb30b491fb72b09b) Importer(815301076,1909f56bfc062723c751e8b465ee728b)
Start importing Assets/Scripts/SimpleCameraController.cs using Guid(be76e5f14cfee674cb30b491fb72b09b) Importer(815301076,1909f56bfc062723c751e8b465ee728b)  -> (artifact id: '6fabacd34a50697f141b69331c2a601e') in 0.021363 seconds 
========================================================================
Received Import Request.
  Time since last request: 1.404014 seconds.
  path: Assets/Scripts/paperw5pickup.cs
  artifactKey: Guid(b4c1710367136914c9fc557750699880) Importer(815301076,1909f56bfc062723c751e8b465ee728b)
Start importing Assets/Scripts/paperw5pickup.cs using Guid(b4c1710367136914c9fc557750699880) Importer(815301076,1909f56bfc062723c751e8b465ee728b)  -> (artifact id: 'f757e19c437ad7664632aadee834eedf') in 0.009425 seconds 
========================================================================
Received Import Request.
  Time since last request: 1.053617 seconds.
  path: Assets/Scripts/animloadmenu.cs
  artifactKey: Guid(d486839f712afc64fa79a2c30706f6be) Importer(815301076,1909f56bfc062723c751e8b465ee728b)
Start importing Assets/Scripts/animloadmenu.cs using Guid(d486839f712afc64fa79a2c30706f6be) Importer(815301076,1909f56bfc062723c751e8b465ee728b)  -> (artifact id: 'ef50f484e06d57d4cead6f4a488b073a') in 0.009018 seconds 
========================================================================
Received Import Request.
  Time since last request: 8.147104 seconds.
  path: Assets/W1Assets
  artifactKey: Guid(b7c5578aa8c361a498499e6c9f04ff90) Importer(815301076,1909f56bfc062723c751e8b465ee728b)
Start importing Assets/W1Assets using Guid(b7c5578aa8c361a498499e6c9f04ff90) Importer(815301076,1909f56bfc062723c751e8b465ee728b)  -> (artifact id: '80b50a9c38b06e94d349511a82a3a886') in 0.009422 seconds 
========================================================================
Received Import Request.
  Time since last request: 0.084323 seconds.
  path: Assets/W1Assets/DELAYED.png
  artifactKey: Guid(b915cf628f95af346aec7a4e20129ec6) Importer(815301076,1909f56bfc062723c751e8b465ee728b)
Start importing Assets/W1Assets/DELAYED.png using Guid(b915cf628f95af346aec7a4e20129ec6) Importer(815301076,1909f56bfc062723c751e8b465ee728b)  -> (artifact id: 'd2ea16bee084ba9d65f39af673880ca9') in 0.061577 seconds 
========================================================================
Received Import Request.
  Time since last request: 0.000285 seconds.
  path: Assets/W1Assets/Readme.asset
  artifactKey: Guid(9ec137faf2312cd4ca8ebfba49f1a12a) Importer(815301076,1909f56bfc062723c751e8b465ee728b)
Start importing Assets/W1Assets/Readme.asset using Guid(9ec137faf2312cd4ca8ebfba49f1a12a) Importer(815301076,1909f56bfc062723c751e8b465ee728b)  -> (artifact id: '11b7a9dcfa924df2bdf0e28dcdab4ba9') in 0.012369 seconds 
========================================================================
Received Import Request.
  Time since last request: 2.900054 seconds.
  path: Assets/W1Assets/Scripts
  artifactKey: Guid(529d8a2a8e5d5d849bdbd11977926d9b) Importer(815301076,1909f56bfc062723c751e8b465ee728b)
Start importing Assets/W1Assets/Scripts using Guid(529d8a2a8e5d5d849bdbd11977926d9b) Importer(815301076,1909f56bfc062723c751e8b465ee728b)  -> (artifact id: '0b6eff1cc56667949f354f3454a35673') in 0.003046 seconds 
========================================================================
Received Import Request.
  Time since last request: 25.554650 seconds.
  path: Assets/W1Assets/Scripts/CamSwitch.cs
  artifactKey: Guid(b43c4860c1567bc47a40fa1b343816f4) Importer(815301076,1909f56bfc062723c751e8b465ee728b)
Start importing Assets/W1Assets/Scripts/CamSwitch.cs using Guid(b43c4860c1567bc47a40fa1b343816f4) Importer(815301076,1909f56bfc062723c751e8b465ee728b)  -> (artifact id: '55e33c008798e45cebaf8823fb8097a6') in 0.008754 seconds 
AssetImportWorkerClient::OnTransportError - code=2 error=End of file
